0 info it worked if it ends with ok
1 verbose cli [ 'node', '/usr/local/bin/npm', 'install' ]
2 info using npm@1.2.21
3 info using node@v0.10.7
4 verbose read json /Users/sirpunchallot/hm/package.json
5 warn package.json Bulletin-Board-backbone-node-mongo-passpport@0.0.1 No repository field.
6 verbose readDependencies using package.json deps
7 verbose install where, deps [ '/Users/sirpunchallot/hm',
7 verbose install   [ 'express',
7 verbose install     'jade',
7 verbose install     'mongoose',
7 verbose install     'stylus',
7 verbose install     'request',
7 verbose install     'connect-mongo',
7 verbose install     'connect-flash',
7 verbose install     'passport',
7 verbose install     'passport-local',
7 verbose install     'passport-facebook',
7 verbose install     'passport-twitter',
7 verbose install     'passport-github',
7 verbose install     'passport-google-oauth',
7 verbose install     'nodemon',
7 verbose install     'underscore',
7 verbose install     'jsdom' ] ]
8 verbose from cache /Users/sirpunchallot/hm/package.json
9 info preinstall Bulletin-Board-backbone-node-mongo-passpport@0.0.1
10 verbose read json /Users/sirpunchallot/hm/node_modules/connect-flash/package.json
11 verbose read json /Users/sirpunchallot/hm/node_modules/connect-mongo/package.json
12 verbose read json /Users/sirpunchallot/hm/node_modules/express/package.json
13 verbose read json /Users/sirpunchallot/hm/node_modules/jade/package.json
14 verbose read json /Users/sirpunchallot/hm/node_modules/jsdom/package.json
15 verbose read json /Users/sirpunchallot/hm/node_modules/mongoose/package.json
16 verbose read json /Users/sirpunchallot/hm/node_modules/nodemon/package.json
17 verbose read json /Users/sirpunchallot/hm/node_modules/passport/package.json
18 verbose read json /Users/sirpunchallot/hm/node_modules/passport-facebook/package.json
19 verbose read json /Users/sirpunchallot/hm/node_modules/passport-github/package.json
20 verbose read json /Users/sirpunchallot/hm/node_modules/passport-google-oauth/package.json
21 verbose read json /Users/sirpunchallot/hm/node_modules/passport-local/package.json
22 verbose read json /Users/sirpunchallot/hm/node_modules/passport-twitter/package.json
23 verbose read json /Users/sirpunchallot/hm/node_modules/request/package.json
24 verbose read json /Users/sirpunchallot/hm/node_modules/stylus/package.json
25 verbose read json /Users/sirpunchallot/hm/node_modules/underscore/package.json
26 warn package.json mongoose@3.6.11 bugs.email field must be a string email. Deleted.
27 verbose from cache /Users/sirpunchallot/hm/package.json
28 verbose readDependencies using package.json deps
29 verbose from cache /Users/sirpunchallot/hm/node_modules/connect-flash/package.json
30 verbose from cache /Users/sirpunchallot/hm/node_modules/connect-mongo/package.json
31 verbose from cache /Users/sirpunchallot/hm/node_modules/express/package.json
32 verbose from cache /Users/sirpunchallot/hm/node_modules/jade/package.json
33 verbose from cache /Users/sirpunchallot/hm/node_modules/jsdom/package.json
34 verbose from cache /Users/sirpunchallot/hm/node_modules/mongoose/package.json
35 verbose from cache /Users/sirpunchallot/hm/node_modules/nodemon/package.json
36 verbose from cache /Users/sirpunchallot/hm/node_modules/passport/package.json
37 verbose from cache /Users/sirpunchallot/hm/node_modules/passport-facebook/package.json
38 verbose from cache /Users/sirpunchallot/hm/node_modules/passport-github/package.json
39 verbose from cache /Users/sirpunchallot/hm/node_modules/passport-google-oauth/package.json
40 verbose from cache /Users/sirpunchallot/hm/node_modules/passport-local/package.json
41 verbose from cache /Users/sirpunchallot/hm/node_modules/passport-twitter/package.json
42 verbose from cache /Users/sirpunchallot/hm/node_modules/request/package.json
43 verbose from cache /Users/sirpunchallot/hm/node_modules/stylus/package.json
44 verbose from cache /Users/sirpunchallot/hm/node_modules/underscore/package.json
45 verbose already installed skipping express@3.0.0alpha1 /Users/sirpunchallot/hm
46 verbose already installed skipping jade@* /Users/sirpunchallot/hm
47 verbose already installed skipping mongoose@* /Users/sirpunchallot/hm
48 verbose already installed skipping stylus@* /Users/sirpunchallot/hm
49 verbose cache add [ 'request@v2.20.1', null ]
50 verbose cache add name=undefined spec="request@v2.20.1" args=["request@v2.20.1",null]
51 verbose parsed url { protocol: null,
51 verbose parsed url   slashes: null,
51 verbose parsed url   auth: null,
51 verbose parsed url   host: null,
51 verbose parsed url   port: null,
51 verbose parsed url   hostname: null,
51 verbose parsed url   hash: null,
51 verbose parsed url   search: null,
51 verbose parsed url   query: null,
51 verbose parsed url   pathname: 'request@v2.20.1',
51 verbose parsed url   path: 'request@v2.20.1',
51 verbose parsed url   href: 'request@v2.20.1' }
52 verbose cache add name="request" spec="v2.20.1" args=["request","v2.20.1"]
53 verbose parsed url { protocol: null,
53 verbose parsed url   slashes: null,
53 verbose parsed url   auth: null,
53 verbose parsed url   host: null,
53 verbose parsed url   port: null,
53 verbose parsed url   hostname: null,
53 verbose parsed url   hash: null,
53 verbose parsed url   search: null,
53 verbose parsed url   query: null,
53 verbose parsed url   pathname: 'v2.20.1',
53 verbose parsed url   path: 'v2.20.1',
53 verbose parsed url   href: 'v2.20.1' }
54 verbose addNamed [ 'request', 'v2.20.1' ]
55 verbose addNamed [ '2.20.1', 'v2.20.1' ]
56 verbose cache add [ 'connect-mongo@latest', null ]
57 verbose cache add name=undefined spec="connect-mongo@latest" args=["connect-mongo@latest",null]
58 verbose parsed url { protocol: null,
58 verbose parsed url   slashes: null,
58 verbose parsed url   auth: null,
58 verbose parsed url   host: null,
58 verbose parsed url   port: null,
58 verbose parsed url   hostname: null,
58 verbose parsed url   hash: null,
58 verbose parsed url   search: null,
58 verbose parsed url   query: null,
58 verbose parsed url   pathname: 'connect-mongo@latest',
58 verbose parsed url   path: 'connect-mongo@latest',
58 verbose parsed url   href: 'connect-mongo@latest' }
59 verbose cache add name="connect-mongo" spec="latest" args=["connect-mongo","latest"]
60 verbose parsed url { protocol: null,
60 verbose parsed url   slashes: null,
60 verbose parsed url   auth: null,
60 verbose parsed url   host: null,
60 verbose parsed url   port: null,
60 verbose parsed url   hostname: null,
60 verbose parsed url   hash: null,
60 verbose parsed url   search: null,
60 verbose parsed url   query: null,
60 verbose parsed url   pathname: 'latest',
60 verbose parsed url   path: 'latest',
60 verbose parsed url   href: 'latest' }
61 verbose addNamed [ 'connect-mongo', 'latest' ]
62 verbose addNamed [ null, null ]
63 silly lockFile 6f0568dd-request-v2-20-1 request@v2.20.1
64 verbose lock request@v2.20.1 /Users/sirpunchallot/.npm/6f0568dd-request-v2-20-1.lock
65 silly lockFile 02f15c80-connect-mongo-latest connect-mongo@latest
66 verbose lock connect-mongo@latest /Users/sirpunchallot/.npm/02f15c80-connect-mongo-latest.lock
67 verbose cache add [ 'connect-flash@latest', null ]
68 verbose cache add name=undefined spec="connect-flash@latest" args=["connect-flash@latest",null]
69 verbose parsed url { protocol: null,
69 verbose parsed url   slashes: null,
69 verbose parsed url   auth: null,
69 verbose parsed url   host: null,
69 verbose parsed url   port: null,
69 verbose parsed url   hostname: null,
69 verbose parsed url   hash: null,
69 verbose parsed url   search: null,
69 verbose parsed url   query: null,
69 verbose parsed url   pathname: 'connect-flash@latest',
69 verbose parsed url   path: 'connect-flash@latest',
69 verbose parsed url   href: 'connect-flash@latest' }
70 verbose cache add name="connect-flash" spec="latest" args=["connect-flash","latest"]
71 verbose parsed url { protocol: null,
71 verbose parsed url   slashes: null,
71 verbose parsed url   auth: null,
71 verbose parsed url   host: null,
71 verbose parsed url   port: null,
71 verbose parsed url   hostname: null,
71 verbose parsed url   hash: null,
71 verbose parsed url   search: null,
71 verbose parsed url   query: null,
71 verbose parsed url   pathname: 'latest',
71 verbose parsed url   path: 'latest',
71 verbose parsed url   href: 'latest' }
72 verbose addNamed [ 'connect-flash', 'latest' ]
73 verbose addNamed [ null, null ]
74 silly lockFile feedbc7e-connect-flash-latest connect-flash@latest
75 verbose lock connect-flash@latest /Users/sirpunchallot/.npm/feedbc7e-connect-flash-latest.lock
76 info addNameTag [ 'connect-mongo', 'latest' ]
77 verbose url raw request/2.20.1
78 verbose url resolving [ 'https://registry.npmjs.org/', './request/2.20.1' ]
79 verbose url resolved https://registry.npmjs.org/request/2.20.1
80 info trying registry request attempt 1 at 11:58:22
81 http GET https://registry.npmjs.org/request/2.20.1
82 verbose cache add [ 'passport-facebook@latest', null ]
83 verbose cache add name=undefined spec="passport-facebook@latest" args=["passport-facebook@latest",null]
84 verbose parsed url { protocol: null,
84 verbose parsed url   slashes: null,
84 verbose parsed url   auth: null,
84 verbose parsed url   host: null,
84 verbose parsed url   port: null,
84 verbose parsed url   hostname: null,
84 verbose parsed url   hash: null,
84 verbose parsed url   search: null,
84 verbose parsed url   query: null,
84 verbose parsed url   pathname: 'passport-facebook@latest',
84 verbose parsed url   path: 'passport-facebook@latest',
84 verbose parsed url   href: 'passport-facebook@latest' }
85 verbose cache add name="passport-facebook" spec="latest" args=["passport-facebook","latest"]
86 verbose parsed url { protocol: null,
86 verbose parsed url   slashes: null,
86 verbose parsed url   auth: null,
86 verbose parsed url   host: null,
86 verbose parsed url   port: null,
86 verbose parsed url   hostname: null,
86 verbose parsed url   hash: null,
86 verbose parsed url   search: null,
86 verbose parsed url   query: null,
86 verbose parsed url   pathname: 'latest',
86 verbose parsed url   path: 'latest',
86 verbose parsed url   href: 'latest' }
87 verbose addNamed [ 'passport-facebook', 'latest' ]
88 verbose addNamed [ null, null ]
89 silly lockFile 82ca5952-passport-facebook-latest passport-facebook@latest
90 verbose lock passport-facebook@latest /Users/sirpunchallot/.npm/82ca5952-passport-facebook-latest.lock
91 verbose cache add [ 'passport@latest', null ]
92 verbose cache add name=undefined spec="passport@latest" args=["passport@latest",null]
93 verbose parsed url { protocol: null,
93 verbose parsed url   slashes: null,
93 verbose parsed url   auth: null,
93 verbose parsed url   host: null,
93 verbose parsed url   port: null,
93 verbose parsed url   hostname: null,
93 verbose parsed url   hash: null,
93 verbose parsed url   search: null,
93 verbose parsed url   query: null,
93 verbose parsed url   pathname: 'passport@latest',
93 verbose parsed url   path: 'passport@latest',
93 verbose parsed url   href: 'passport@latest' }
94 verbose cache add name="passport" spec="latest" args=["passport","latest"]
95 verbose parsed url { protocol: null,
95 verbose parsed url   slashes: null,
95 verbose parsed url   auth: null,
95 verbose parsed url   host: null,
95 verbose parsed url   port: null,
95 verbose parsed url   hostname: null,
95 verbose parsed url   hash: null,
95 verbose parsed url   search: null,
95 verbose parsed url   query: null,
95 verbose parsed url   pathname: 'latest',
95 verbose parsed url   path: 'latest',
95 verbose parsed url   href: 'latest' }
96 verbose addNamed [ 'passport', 'latest' ]
97 verbose addNamed [ null, null ]
98 silly lockFile 771f2547-passport-latest passport@latest
99 verbose lock passport@latest /Users/sirpunchallot/.npm/771f2547-passport-latest.lock
100 verbose cache add [ 'passport-local@latest', null ]
101 verbose cache add name=undefined spec="passport-local@latest" args=["passport-local@latest",null]
102 verbose parsed url { protocol: null,
102 verbose parsed url   slashes: null,
102 verbose parsed url   auth: null,
102 verbose parsed url   host: null,
102 verbose parsed url   port: null,
102 verbose parsed url   hostname: null,
102 verbose parsed url   hash: null,
102 verbose parsed url   search: null,
102 verbose parsed url   query: null,
102 verbose parsed url   pathname: 'passport-local@latest',
102 verbose parsed url   path: 'passport-local@latest',
102 verbose parsed url   href: 'passport-local@latest' }
103 verbose cache add name="passport-local" spec="latest" args=["passport-local","latest"]
104 verbose parsed url { protocol: null,
104 verbose parsed url   slashes: null,
104 verbose parsed url   auth: null,
104 verbose parsed url   host: null,
104 verbose parsed url   port: null,
104 verbose parsed url   hostname: null,
104 verbose parsed url   hash: null,
104 verbose parsed url   search: null,
104 verbose parsed url   query: null,
104 verbose parsed url   pathname: 'latest',
104 verbose parsed url   path: 'latest',
104 verbose parsed url   href: 'latest' }
105 verbose addNamed [ 'passport-local', 'latest' ]
106 verbose addNamed [ null, null ]
107 silly lockFile 00a116b3-passport-local-latest passport-local@latest
108 verbose lock passport-local@latest /Users/sirpunchallot/.npm/00a116b3-passport-local-latest.lock
109 verbose cache add [ 'passport-twitter@latest', null ]
110 verbose cache add name=undefined spec="passport-twitter@latest" args=["passport-twitter@latest",null]
111 verbose parsed url { protocol: null,
111 verbose parsed url   slashes: null,
111 verbose parsed url   auth: null,
111 verbose parsed url   host: null,
111 verbose parsed url   port: null,
111 verbose parsed url   hostname: null,
111 verbose parsed url   hash: null,
111 verbose parsed url   search: null,
111 verbose parsed url   query: null,
111 verbose parsed url   pathname: 'passport-twitter@latest',
111 verbose parsed url   path: 'passport-twitter@latest',
111 verbose parsed url   href: 'passport-twitter@latest' }
112 verbose cache add name="passport-twitter" spec="latest" args=["passport-twitter","latest"]
113 verbose parsed url { protocol: null,
113 verbose parsed url   slashes: null,
113 verbose parsed url   auth: null,
113 verbose parsed url   host: null,
113 verbose parsed url   port: null,
113 verbose parsed url   hostname: null,
113 verbose parsed url   hash: null,
113 verbose parsed url   search: null,
113 verbose parsed url   query: null,
113 verbose parsed url   pathname: 'latest',
113 verbose parsed url   path: 'latest',
113 verbose parsed url   href: 'latest' }
114 verbose addNamed [ 'passport-twitter', 'latest' ]
115 verbose addNamed [ null, null ]
116 silly lockFile d5de964c-passport-twitter-latest passport-twitter@latest
117 verbose lock passport-twitter@latest /Users/sirpunchallot/.npm/d5de964c-passport-twitter-latest.lock
118 verbose cache add [ 'passport-github@latest', null ]
119 verbose cache add name=undefined spec="passport-github@latest" args=["passport-github@latest",null]
120 verbose parsed url { protocol: null,
120 verbose parsed url   slashes: null,
120 verbose parsed url   auth: null,
120 verbose parsed url   host: null,
120 verbose parsed url   port: null,
120 verbose parsed url   hostname: null,
120 verbose parsed url   hash: null,
120 verbose parsed url   search: null,
120 verbose parsed url   query: null,
120 verbose parsed url   pathname: 'passport-github@latest',
120 verbose parsed url   path: 'passport-github@latest',
120 verbose parsed url   href: 'passport-github@latest' }
121 verbose cache add name="passport-github" spec="latest" args=["passport-github","latest"]
122 verbose parsed url { protocol: null,
122 verbose parsed url   slashes: null,
122 verbose parsed url   auth: null,
122 verbose parsed url   host: null,
122 verbose parsed url   port: null,
122 verbose parsed url   hostname: null,
122 verbose parsed url   hash: null,
122 verbose parsed url   search: null,
122 verbose parsed url   query: null,
122 verbose parsed url   pathname: 'latest',
122 verbose parsed url   path: 'latest',
122 verbose parsed url   href: 'latest' }
123 verbose addNamed [ 'passport-github', 'latest' ]
124 verbose addNamed [ null, null ]
125 silly lockFile 179eab82-passport-github-latest passport-github@latest
126 verbose lock passport-github@latest /Users/sirpunchallot/.npm/179eab82-passport-github-latest.lock
127 verbose cache add [ 'passport-google-oauth@latest', null ]
128 verbose cache add name=undefined spec="passport-google-oauth@latest" args=["passport-google-oauth@latest",null]
129 verbose parsed url { protocol: null,
129 verbose parsed url   slashes: null,
129 verbose parsed url   auth: null,
129 verbose parsed url   host: null,
129 verbose parsed url   port: null,
129 verbose parsed url   hostname: null,
129 verbose parsed url   hash: null,
129 verbose parsed url   search: null,
129 verbose parsed url   query: null,
129 verbose parsed url   pathname: 'passport-google-oauth@latest',
129 verbose parsed url   path: 'passport-google-oauth@latest',
129 verbose parsed url   href: 'passport-google-oauth@latest' }
130 verbose cache add name="passport-google-oauth" spec="latest" args=["passport-google-oauth","latest"]
131 verbose parsed url { protocol: null,
131 verbose parsed url   slashes: null,
131 verbose parsed url   auth: null,
131 verbose parsed url   host: null,
131 verbose parsed url   port: null,
131 verbose parsed url   hostname: null,
131 verbose parsed url   hash: null,
131 verbose parsed url   search: null,
131 verbose parsed url   query: null,
131 verbose parsed url   pathname: 'latest',
131 verbose parsed url   path: 'latest',
131 verbose parsed url   href: 'latest' }
132 verbose addNamed [ 'passport-google-oauth', 'latest' ]
133 verbose addNamed [ null, null ]
134 silly lockFile 2c491da3-passport-google-oauth-latest passport-google-oauth@latest
135 verbose lock passport-google-oauth@latest /Users/sirpunchallot/.npm/2c491da3-passport-google-oauth-latest.lock
136 verbose cache add [ 'nodemon@latest', null ]
137 verbose cache add name=undefined spec="nodemon@latest" args=["nodemon@latest",null]
138 verbose parsed url { protocol: null,
138 verbose parsed url   slashes: null,
138 verbose parsed url   auth: null,
138 verbose parsed url   host: null,
138 verbose parsed url   port: null,
138 verbose parsed url   hostname: null,
138 verbose parsed url   hash: null,
138 verbose parsed url   search: null,
138 verbose parsed url   query: null,
138 verbose parsed url   pathname: 'nodemon@latest',
138 verbose parsed url   path: 'nodemon@latest',
138 verbose parsed url   href: 'nodemon@latest' }
139 verbose cache add name="nodemon" spec="latest" args=["nodemon","latest"]
140 verbose parsed url { protocol: null,
140 verbose parsed url   slashes: null,
140 verbose parsed url   auth: null,
140 verbose parsed url   host: null,
140 verbose parsed url   port: null,
140 verbose parsed url   hostname: null,
140 verbose parsed url   hash: null,
140 verbose parsed url   search: null,
140 verbose parsed url   query: null,
140 verbose parsed url   pathname: 'latest',
140 verbose parsed url   path: 'latest',
140 verbose parsed url   href: 'latest' }
141 verbose addNamed [ 'nodemon', 'latest' ]
142 verbose addNamed [ null, null ]
143 silly lockFile 164666a5-nodemon-latest nodemon@latest
144 verbose lock nodemon@latest /Users/sirpunchallot/.npm/164666a5-nodemon-latest.lock
145 verbose cache add [ 'underscore@latest', null ]
146 verbose cache add name=undefined spec="underscore@latest" args=["underscore@latest",null]
147 verbose parsed url { protocol: null,
147 verbose parsed url   slashes: null,
147 verbose parsed url   auth: null,
147 verbose parsed url   host: null,
147 verbose parsed url   port: null,
147 verbose parsed url   hostname: null,
147 verbose parsed url   hash: null,
147 verbose parsed url   search: null,
147 verbose parsed url   query: null,
147 verbose parsed url   pathname: 'underscore@latest',
147 verbose parsed url   path: 'underscore@latest',
147 verbose parsed url   href: 'underscore@latest' }
148 verbose cache add name="underscore" spec="latest" args=["underscore","latest"]
149 verbose parsed url { protocol: null,
149 verbose parsed url   slashes: null,
149 verbose parsed url   auth: null,
149 verbose parsed url   host: null,
149 verbose parsed url   port: null,
149 verbose parsed url   hostname: null,
149 verbose parsed url   hash: null,
149 verbose parsed url   search: null,
149 verbose parsed url   query: null,
149 verbose parsed url   pathname: 'latest',
149 verbose parsed url   path: 'latest',
149 verbose parsed url   href: 'latest' }
150 verbose addNamed [ 'underscore', 'latest' ]
151 verbose addNamed [ null, null ]
152 silly lockFile 546e1155-underscore-latest underscore@latest
153 verbose lock underscore@latest /Users/sirpunchallot/.npm/546e1155-underscore-latest.lock
154 verbose cache add [ 'jsdom@latest', null ]
155 verbose cache add name=undefined spec="jsdom@latest" args=["jsdom@latest",null]
156 verbose parsed url { protocol: null,
156 verbose parsed url   slashes: null,
156 verbose parsed url   auth: null,
156 verbose parsed url   host: null,
156 verbose parsed url   port: null,
156 verbose parsed url   hostname: null,
156 verbose parsed url   hash: null,
156 verbose parsed url   search: null,
156 verbose parsed url   query: null,
156 verbose parsed url   pathname: 'jsdom@latest',
156 verbose parsed url   path: 'jsdom@latest',
156 verbose parsed url   href: 'jsdom@latest' }
157 verbose cache add name="jsdom" spec="latest" args=["jsdom","latest"]
158 verbose parsed url { protocol: null,
158 verbose parsed url   slashes: null,
158 verbose parsed url   auth: null,
158 verbose parsed url   host: null,
158 verbose parsed url   port: null,
158 verbose parsed url   hostname: null,
158 verbose parsed url   hash: null,
158 verbose parsed url   search: null,
158 verbose parsed url   query: null,
158 verbose parsed url   pathname: 'latest',
158 verbose parsed url   path: 'latest',
158 verbose parsed url   href: 'latest' }
159 verbose addNamed [ 'jsdom', 'latest' ]
160 verbose addNamed [ null, null ]
161 silly lockFile b61016f1-jsdom-latest jsdom@latest
162 verbose lock jsdom@latest /Users/sirpunchallot/.npm/b61016f1-jsdom-latest.lock
163 info addNameTag [ 'connect-flash', 'latest' ]
164 info addNameTag [ 'passport-facebook', 'latest' ]
165 info addNameTag [ 'passport', 'latest' ]
166 info addNameTag [ 'passport-local', 'latest' ]
167 info addNameTag [ 'passport-twitter', 'latest' ]
168 info addNameTag [ 'passport-github', 'latest' ]
169 info addNameTag [ 'passport-google-oauth', 'latest' ]
170 info addNameTag [ 'nodemon', 'latest' ]
171 info addNameTag [ 'underscore', 'latest' ]
172 info addNameTag [ 'jsdom', 'latest' ]
173 verbose url raw connect-mongo
174 verbose url resolving [ 'https://registry.npmjs.org/', './connect-mongo' ]
175 verbose url resolved https://registry.npmjs.org/connect-mongo
176 info trying registry request attempt 1 at 11:58:22
177 verbose etag "AOH8AEPPDOR7XM8UTKG7U0N5R"
178 http GET https://registry.npmjs.org/connect-mongo
179 verbose url raw connect-flash
180 verbose url resolving [ 'https://registry.npmjs.org/', './connect-flash' ]
181 verbose url resolved https://registry.npmjs.org/connect-flash
182 info trying registry request attempt 1 at 11:58:22
183 verbose etag "21A8G047HZF5SDSWQ371UXQ9A"
184 http GET https://registry.npmjs.org/connect-flash
185 verbose url raw passport-facebook
186 verbose url resolving [ 'https://registry.npmjs.org/', './passport-facebook' ]
187 verbose url resolved https://registry.npmjs.org/passport-facebook
188 info trying registry request attempt 1 at 11:58:22
189 verbose etag "EULIZAVEBXBH37UDYVMBPEZKK"
190 http GET https://registry.npmjs.org/passport-facebook
191 verbose url raw passport-twitter
192 verbose url resolving [ 'https://registry.npmjs.org/', './passport-twitter' ]
193 verbose url resolved https://registry.npmjs.org/passport-twitter
194 info trying registry request attempt 1 at 11:58:22
195 verbose etag "3AQDPUE21ZPN5PPYQ5DG4RF36"
196 http GET https://registry.npmjs.org/passport-twitter
197 verbose url raw passport-local
198 verbose url resolving [ 'https://registry.npmjs.org/', './passport-local' ]
199 verbose url resolved https://registry.npmjs.org/passport-local
200 info trying registry request attempt 1 at 11:58:22
201 verbose etag "6WDLO1WFKHNQ410YKA0WDGEOZ"
202 http GET https://registry.npmjs.org/passport-local
203 verbose url raw passport
204 verbose url resolving [ 'https://registry.npmjs.org/', './passport' ]
205 verbose url resolved https://registry.npmjs.org/passport
206 info trying registry request attempt 1 at 11:58:22
207 verbose etag "90MKORUTYSXN26Z7VQ6ZO50RW"
208 http GET https://registry.npmjs.org/passport
209 verbose url raw passport-github
210 verbose url resolving [ 'https://registry.npmjs.org/', './passport-github' ]
211 verbose url resolved https://registry.npmjs.org/passport-github
212 info trying registry request attempt 1 at 11:58:22
213 verbose etag "3LV0BS5TJ47X8DXXNI0S69ER2"
214 http GET https://registry.npmjs.org/passport-github
215 verbose url raw passport-google-oauth
216 verbose url resolving [ 'https://registry.npmjs.org/', './passport-google-oauth' ]
217 verbose url resolved https://registry.npmjs.org/passport-google-oauth
218 info trying registry request attempt 1 at 11:58:22
219 verbose etag "7NBKHLQ18C3IV00TNISN678AI"
220 http GET https://registry.npmjs.org/passport-google-oauth
221 verbose url raw underscore
222 verbose url resolving [ 'https://registry.npmjs.org/', './underscore' ]
223 verbose url resolved https://registry.npmjs.org/underscore
224 info trying registry request attempt 1 at 11:58:22
225 verbose etag "5B5TFBCUD4EE1HARVYGBG8GFE"
226 http GET https://registry.npmjs.org/underscore
227 verbose url raw nodemon
228 verbose url resolving [ 'https://registry.npmjs.org/', './nodemon' ]
229 verbose url resolved https://registry.npmjs.org/nodemon
230 info trying registry request attempt 1 at 11:58:22
231 verbose etag "839A4ISH12L4GDPIWI4NHPIJ0"
232 http GET https://registry.npmjs.org/nodemon
233 verbose url raw jsdom
234 verbose url resolving [ 'https://registry.npmjs.org/', './jsdom' ]
235 verbose url resolved https://registry.npmjs.org/jsdom
236 info trying registry request attempt 1 at 11:58:22
237 verbose etag "5OR9B0Q2UL4D005VC0DCPHW7T"
238 http GET https://registry.npmjs.org/jsdom
239 http 304 https://registry.npmjs.org/connect-flash
240 silly registry.get cb [ 304,
240 silly registry.get   { server: 'CouchDB/1.3.1 (Erlang OTP/R15B03)',
240 silly registry.get     etag: '"21A8G047HZF5SDSWQ371UXQ9A"',
240 silly registry.get     date: 'Sun, 03 Nov 2013 19:58:20 GMT',
240 silly registry.get     'content-length': '0' } ]
241 verbose etag connect-flash from cache
242 verbose addNamed [ 'connect-flash', '0.1.1' ]
243 verbose addNamed [ '0.1.1', '0.1.1' ]
244 silly lockFile 0cdf4f98-connect-flash-0-1-1 connect-flash@0.1.1
245 verbose lock connect-flash@0.1.1 /Users/sirpunchallot/.npm/0cdf4f98-connect-flash-0-1-1.lock
246 verbose read json /Users/sirpunchallot/.npm/connect-flash/0.1.1/package/package.json
247 http 304 https://registry.npmjs.org/passport-facebook
248 silly registry.get cb [ 304,
248 silly registry.get   { server: 'CouchDB/1.3.1 (Erlang OTP/R15B03)',
248 silly registry.get     etag: '"EULIZAVEBXBH37UDYVMBPEZKK"',
248 silly registry.get     date: 'Sun, 03 Nov 2013 19:58:20 GMT',
248 silly registry.get     'content-length': '0' } ]
249 verbose etag passport-facebook from cache
250 http 304 https://registry.npmjs.org/connect-mongo
251 silly registry.get cb [ 304,
251 silly registry.get   { server: 'CouchDB/1.3.1 (Erlang OTP/R15B03)',
251 silly registry.get     etag: '"AOH8AEPPDOR7XM8UTKG7U0N5R"',
251 silly registry.get     date: 'Sun, 03 Nov 2013 19:58:20 GMT',
251 silly registry.get     'content-length': '0' } ]
252 verbose etag connect-mongo from cache
253 http 304 https://registry.npmjs.org/passport-twitter
254 silly registry.get cb [ 304,
254 silly registry.get   { server: 'CouchDB/1.3.1 (Erlang OTP/R15B03)',
254 silly registry.get     etag: '"3AQDPUE21ZPN5PPYQ5DG4RF36"',
254 silly registry.get     date: 'Sun, 03 Nov 2013 19:58:20 GMT',
254 silly registry.get     'content-length': '0' } ]
255 verbose etag passport-twitter from cache
256 silly lockFile 0cdf4f98-connect-flash-0-1-1 connect-flash@0.1.1
257 silly lockFile 0cdf4f98-connect-flash-0-1-1 connect-flash@0.1.1
258 silly lockFile feedbc7e-connect-flash-latest connect-flash@latest
259 silly lockFile feedbc7e-connect-flash-latest connect-flash@latest
260 verbose addNamed [ 'passport-facebook', '1.0.1' ]
261 verbose addNamed [ '1.0.1', '1.0.1' ]
262 silly lockFile 483832ed-passport-facebook-1-0-1 passport-facebook@1.0.1
263 verbose lock passport-facebook@1.0.1 /Users/sirpunchallot/.npm/483832ed-passport-facebook-1-0-1.lock
264 info already installed connect-flash@0.1.1
265 verbose addNamed [ 'passport-twitter', '1.0.2' ]
266 verbose addNamed [ '1.0.2', '1.0.2' ]
267 silly lockFile 50fcdf9c-passport-twitter-1-0-2 passport-twitter@1.0.2
268 verbose lock passport-twitter@1.0.2 /Users/sirpunchallot/.npm/50fcdf9c-passport-twitter-1-0-2.lock
269 verbose addNamed [ 'connect-mongo', '0.3.3' ]
270 verbose addNamed [ '0.3.3', '0.3.3' ]
271 silly lockFile 72403794-connect-mongo-0-3-3 connect-mongo@0.3.3
272 verbose lock connect-mongo@0.3.3 /Users/sirpunchallot/.npm/72403794-connect-mongo-0-3-3.lock
273 verbose read json /Users/sirpunchallot/.npm/passport-facebook/1.0.1/package/package.json
274 verbose read json /Users/sirpunchallot/.npm/passport-twitter/1.0.2/package/package.json
275 verbose read json /Users/sirpunchallot/.npm/connect-mongo/0.3.3/package/package.json
276 silly lockFile 483832ed-passport-facebook-1-0-1 passport-facebook@1.0.1
277 silly lockFile 483832ed-passport-facebook-1-0-1 passport-facebook@1.0.1
278 silly lockFile 50fcdf9c-passport-twitter-1-0-2 passport-twitter@1.0.2
279 silly lockFile 50fcdf9c-passport-twitter-1-0-2 passport-twitter@1.0.2
280 silly lockFile 72403794-connect-mongo-0-3-3 connect-mongo@0.3.3
281 silly lockFile 72403794-connect-mongo-0-3-3 connect-mongo@0.3.3
282 silly lockFile 82ca5952-passport-facebook-latest passport-facebook@latest
283 silly lockFile 82ca5952-passport-facebook-latest passport-facebook@latest
284 silly lockFile d5de964c-passport-twitter-latest passport-twitter@latest
285 silly lockFile d5de964c-passport-twitter-latest passport-twitter@latest
286 silly lockFile 02f15c80-connect-mongo-latest connect-mongo@latest
287 silly lockFile 02f15c80-connect-mongo-latest connect-mongo@latest
288 info already installed passport-facebook@1.0.1
289 info already installed passport-twitter@1.0.2
290 info already installed connect-mongo@0.3.3
291 http 404 https://registry.npmjs.org/request/2.20.1
292 silly registry.get cb [ 404,
292 silly registry.get   { vary: 'Accept',
292 silly registry.get     server: 'CouchDB/1.3.1 (Erlang OTP/R15B03)',
292 silly registry.get     etag: '"6I3ANK9UJPOI07A2YADZ72O8J"',
292 silly registry.get     date: 'Sun, 03 Nov 2013 19:58:20 GMT',
292 silly registry.get     'content-type': 'application/json',
292 silly registry.get     'content-length': '37' } ]
293 silly lockFile 6f0568dd-request-v2-20-1 request@v2.20.1
294 silly lockFile 6f0568dd-request-v2-20-1 request@v2.20.1
295 error Error: version not found: 2.20.1 : request/2.20.1
295 error     at RegClient.<anonymous> (/usr/local/lib/node_modules/npm/node_modules/npm-registry-client/lib/request.js:269:14)
295 error     at Request.self.callback (/usr/local/lib/node_modules/npm/node_modules/request/index.js:148:22)
295 error     at Request.EventEmitter.emit (events.js:98:17)
295 error     at Request.<anonymous> (/usr/local/lib/node_modules/npm/node_modules/request/index.js:876:14)
295 error     at Request.EventEmitter.emit (events.js:117:20)
295 error     at IncomingMessage.<anonymous> (/usr/local/lib/node_modules/npm/node_modules/request/index.js:827:12)
295 error     at IncomingMessage.EventEmitter.emit (events.js:117:20)
295 error     at _stream_readable.js:910:16
295 error     at process._tickCallback (node.js:415:13)
296 error If you need help, you may report this log at:
296 error     <http://github.com/isaacs/npm/issues>
296 error or email it to:
296 error     <npm-@googlegroups.com>
297 error System Darwin 12.5.0
298 error command "node" "/usr/local/bin/npm" "install"
299 error cwd /Users/sirpunchallot/hm
300 error node -v v0.10.7
301 error npm -v 1.2.21
302 verbose exit [ 1, true ]
